2020-10-29 22:24:11.208 DEBUG 11300 --- [restartedMain] o.s.w.c.s.StandardServletEnvironment     : Adding PropertySource 'configurationProperties' with highest search precedence
2020-10-29 22:24:11.253 DEBUG 11300 --- [restartedMain] o.s.w.c.s.StandardServletEnvironment     : Adding PropertySource 'servletConfigInitParams' with lowest search precedence
2020-10-29 22:24:11.253 DEBUG 11300 --- [restartedMain] o.s.w.c.s.StandardServletEnvironment     : Adding PropertySource 'servletContextInitParams' with lowest search precedence
2020-10-29 22:24:11.253 DEBUG 11300 --- [restartedMain] o.s.w.c.s.StandardServletEnvironment     : Adding PropertySource 'systemProperties' with lowest search precedence
2020-10-29 22:24:11.254 DEBUG 11300 --- [restartedMain] o.s.w.c.s.StandardServletEnvironment     : Adding PropertySource 'systemEnvironment' with lowest search precedence
2020-10-29 22:24:11.255 DEBUG 11300 --- [restartedMain] o.s.w.c.s.StandardServletEnvironment     : Initialized StandardServletEnvironment with PropertySources [StubPropertySource {name='servletConfigInitParams'}, StubPropertySource {name='servletContextInitParams'}, MapPropertySource {name='systemProperties'}, SystemEnvironmentPropertySource {name='systemEnvironment'}]
2020-10-29 22:24:11.350  INFO 11300 --- [restartedMain] c.f.petclinic.PetClinicApplication       : Starting PetClinicApplication on DESKTOP-THNQRMJ with PID 11300 (D:\workspace-spring-tool-suite-4-4.7.0.RELEASE\petclinic\target\classes started by Furkan in D:\workspace-spring-tool-suite-4-4.7.0.RELEASE\petclinic)
2020-10-29 22:24:11.351  INFO 11300 --- [restartedMain] c.f.petclinic.PetClinicApplication       : No active profile set, falling back to default profiles: default
2020-10-29 22:24:11.446  INFO 11300 --- [restartedMain] ConfigServletWebServerApplicationContext : Refreshing org.springframework.boot.web.servlet.context.AnnotationConfigServletWebServerApplicationContext@43d8eefe: startup date [Thu Oct 29 22:24:11 EET 2020]; root of context hierarchy
2020-10-29 22:24:12.990  INFO 11300 --- [restartedMain] o.s.b.f.s.DefaultListableBeanFactory     : Overriding bean definition for bean 'httpRequestHandlerAdapter' with a different definition: replacing [Root bean: class [null]; scope=; abstract=false; lazyInit=false; autowireMode=3; dependencyCheck=0; autowireCandidate=true; primary=false; factoryBeanName=org.springframework.boot.autoconfigure.web.servlet.WebMvcAutoConfiguration$EnableWebMvcConfiguration; factoryMethodName=httpRequestHandlerAdapter; initMethodName=null; destroyMethodName=(inferred); defined in class path resource [org/springframework/boot/autoconfigure/web/servlet/WebMvcAutoConfiguration$EnableWebMvcConfiguration.class]] with [Root bean: class [null]; scope=; abstract=false; lazyInit=false; autowireMode=3; dependencyCheck=0; autowireCandidate=true; primary=false; factoryBeanName=org.springframework.data.rest.webmvc.config.RepositoryRestMvcConfiguration; factoryMethodName=httpRequestHandlerAdapter; initMethodName=null; destroyMethodName=(inferred); defined in class path resource [org/springframework/data/rest/webmvc/config/RepositoryRestMvcConfiguration.class]]
2020-10-29 22:24:13.362 DEBUG 11300 --- [restartedMain] o.s.w.c.s.StandardServletEnvironment     : Removing PropertySource 'defaultProperties'
2020-10-29 22:24:13.544  INFO 11300 --- [restartedMain] trationDelegate$BeanPostProcessorChecker : Bean 'org.springframework.transaction.annotation.ProxyTransactionManagementConfiguration' of type [org.springframework.transaction.annotation.ProxyTransactionManagementConfiguration$$EnhancerBySpringCGLIB$$642f1f00] is not eligible for getting processed by all BeanPostProcessors (for example: not eligible for auto-proxying)
2020-10-29 22:24:13.581  INFO 11300 --- [restartedMain] trationDelegate$BeanPostProcessorChecker : Bean 'org.springframework.cache.annotation.ProxyCachingConfiguration' of type [org.springframework.cache.annotation.ProxyCachingConfiguration$$EnhancerBySpringCGLIB$$ad41551e] is not eligible for getting processed by all BeanPostProcessors (for example: not eligible for auto-proxying)
2020-10-29 22:24:13.594  INFO 11300 --- [restartedMain] trationDelegate$BeanPostProcessorChecker : Bean 'org.springframework.boot.autoconfigure.cache.CacheAutoConfiguration' of type [org.springframework.boot.autoconfigure.cache.CacheAutoConfiguration$$EnhancerBySpringCGLIB$$a1b519c2] is not eligible for getting processed by all BeanPostProcessors (for example: not eligible for auto-proxying)
2020-10-29 22:24:13.614  INFO 11300 --- [restartedMain] trationDelegate$BeanPostProcessorChecker : Bean 'org.springframework.boot.context.properties.ConversionServiceDeducer$Factory' of type [org.springframework.boot.context.properties.ConversionServiceDeducer$Factory] is not eligible for getting processed by all BeanPostProcessors (for example: not eligible for auto-proxying)
2020-10-29 22:24:13.615  INFO 11300 --- [restartedMain] trationDelegate$BeanPostProcessorChecker : Bean 'spring.cache-org.springframework.boot.autoconfigure.cache.CacheProperties' of type [org.springframework.boot.autoconfigure.cache.CacheProperties] is not eligible for getting processed by all BeanPostProcessors (for example: not eligible for auto-proxying)
2020-10-29 22:24:13.627  INFO 11300 --- [restartedMain] trationDelegate$BeanPostProcessorChecker : Bean 'cacheManagerCustomizers' of type [org.springframework.boot.autoconfigure.cache.CacheManagerCustomizers] is not eligible for getting processed by all BeanPostProcessors (for example: not eligible for auto-proxying)
2020-10-29 22:24:13.630  INFO 11300 --- [restartedMain] trationDelegate$BeanPostProcessorChecker : Bean 'org.springframework.boot.autoconfigure.cache.SimpleCacheConfiguration' of type [org.springframework.boot.autoconfigure.cache.SimpleCacheConfiguration$$EnhancerBySpringCGLIB$$43508ca3] is not eligible for getting processed by all BeanPostProcessors (for example: not eligible for auto-proxying)
2020-10-29 22:24:13.638  INFO 11300 --- [restartedMain] trationDelegate$BeanPostProcessorChecker : Bean 'cacheManager' of type [org.springframework.cache.concurrent.ConcurrentMapCacheManager] is not eligible for getting processed by all BeanPostProcessors (for example: not eligible for auto-proxying)
2020-10-29 22:24:13.639  INFO 11300 --- [restartedMain] trationDelegate$BeanPostProcessorChecker : Bean 'cacheAutoConfigurationValidator' of type [org.springframework.boot.autoconfigure.cache.CacheAutoConfiguration$CacheManagerValidator] is not eligible for getting processed by all BeanPostProcessors (for example: not eligible for auto-proxying)
2020-10-29 22:24:13.664  INFO 11300 --- [restartedMain] trationDelegate$BeanPostProcessorChecker : Bean 'org.springframework.security.config.annotation.method.configuration.Jsr250MetadataSourceConfiguration' of type [org.springframework.security.config.annotation.method.configuration.Jsr250MetadataSourceConfiguration$$EnhancerBySpringCGLIB$$4706a202] is not eligible for getting processed by all BeanPostProcessors (for example: not eligible for auto-proxying)
2020-10-29 22:24:13.671  INFO 11300 --- [restartedMain] trationDelegate$BeanPostProcessorChecker : Bean 'jsr250MethodSecurityMetadataSource' of type [org.springframework.security.access.annotation.Jsr250MethodSecurityMetadataSource] is not eligible for getting processed by all BeanPostProcessors (for example: not eligible for auto-proxying)
2020-10-29 22:24:13.676  INFO 11300 --- [restartedMain] trationDelegate$BeanPostProcessorChecker : Bean 'org.springframework.security.config.annotation.configuration.ObjectPostProcessorConfiguration' of type [org.springframework.security.config.annotation.configuration.ObjectPostProcessorConfiguration$$EnhancerBySpringCGLIB$$fcdce73a] is not eligible for getting processed by all BeanPostProcessors (for example: not eligible for auto-proxying)
2020-10-29 22:24:13.684  INFO 11300 --- [restartedMain] trationDelegate$BeanPostProcessorChecker : Bean 'objectPostProcessor' of type [org.springframework.security.config.annotation.configuration.AutowireBeanFactoryObjectPostProcessor] is not eligible for getting processed by all BeanPostProcessors (for example: not eligible for auto-proxying)
2020-10-29 22:24:13.685  INFO 11300 --- [restartedMain] trationDelegate$BeanPostProcessorChecker : Bean 'org.springframework.security.access.expression.method.DefaultMethodSecurityExpressionHandler@9e69aef' of type [org.springframework.security.access.expression.method.DefaultMethodSecurityExpressionHandler] is not eligible for getting processed by all BeanPostProcessors (for example: not eligible for auto-proxying)
2020-10-29 22:24:13.693  INFO 11300 --- [restartedMain] trationDelegate$BeanPostProcessorChecker : Bean 'org.springframework.security.config.annotation.method.configuration.GlobalMethodSecurityConfiguration' of type [org.springframework.security.config.annotation.method.configuration.GlobalMethodSecurityConfiguration$$EnhancerBySpringCGLIB$$21b189ec] is not eligible for getting processed by all BeanPostProcessors (for example: not eligible for auto-proxying)
2020-10-29 22:24:13.705  INFO 11300 --- [restartedMain] trationDelegate$BeanPostProcessorChecker : Bean 'methodSecurityMetadataSource' of type [org.springframework.security.access.method.DelegatingMethodSecurityMetadataSource] is not eligible for getting processed by all BeanPostProcessors (for example: not eligible for auto-proxying)
2020-10-29 22:24:14.073  INFO 11300 --- [restartedMain] o.s.b.w.embedded.tomcat.TomcatWebServer  : Tomcat initialized with port(s): 8080 (http)
2020-10-29 22:24:14.093  INFO 11300 --- [restartedMain] o.apache.catalina.core.StandardService   : Starting service [Tomcat]
2020-10-29 22:24:14.094  INFO 11300 --- [restartedMain] org.apache.catalina.core.StandardEngine  : Starting Servlet Engine: Apache Tomcat/8.5.28
2020-10-29 22:24:14.100  INFO 11300 --- [localhost-startStop-1] o.a.catalina.core.AprLifecycleListener   : The APR based Apache Tomcat Native library which allows optimal performance in production environments was not found on the java.library.path: [C:\Program Files\JetBrains\IntelliJ IDEA 2019.3.3\jbr\bin;C:\Windows\Sun\Java\bin;C:\Windows\system32;C:\Windows;C:\Program Files\Common Files\Oracle\Java\javapath;C:\Program Files (x86)\Common Files\Oracle\Java\javapath;C:\Windows\system32;C:\Windows;C:\Windows\System32\Wbem;C:\Windows\System32\WindowsPowerShell\v1.0\;C:\Windows\System32\OpenSSH\;C:\Program Files\NVIDIA Corporation\NVIDIA NvDLISR;C:\Program Files\Prio;C:\Users\Furkan\AppData\Roaming\nvm;C:\Program Files\nodejs;C:\Program Files\nodejs\;C:\Program Files (x86)\Yarn\bin\;C:\Program Files\Git\cmd;C:\Program Files\Polyspace\R2020b\runtime\win64;C:\Program Files\Polyspace\R2020b\bin;C:\Program Files\MySQL\MySQL Shell 8.0\bin\;C:\Users\Furkan\AppData\Local\Microsoft\WindowsApps;C:\Users\Furkan\AppData\Local\GitHubDesktop\bin;C:\Users\Furkan\AppData\Local\Programs\Microsoft VS Code\bin;C:\Users\Furkan\AppData\Roaming\nvm;C:\Program Files\nodejs;C:\Users\Furkan\AppData\Roaming\npm;C:\Users\Furkan\AppData\Local\Yarn\bin;.]
2020-10-29 22:24:14.357  INFO 11300 --- [localhost-startStop-1] org.apache.jasper.servlet.TldScanner     : At least one JAR was scanned for TLDs yet contained no TLDs. Enable debug logging for this logger for a complete list of JARs that were scanned but no TLDs were found in them. Skipping unneeded JARs during scanning can improve startup time and JSP compilation time.
2020-10-29 22:24:14.365  INFO 11300 --- [localhost-startStop-1] o.a.c.c.C.[Tomcat].[localhost].[/]       : Initializing Spring embedded WebApplicationContext
2020-10-29 22:24:14.366 DEBUG 11300 --- [localhost-startStop-1] o.s.web.context.ContextLoader            : Published root WebApplicationContext as ServletContext attribute with name [org.springframework.web.context.WebApplicationContext.ROOT]
2020-10-29 22:24:14.366  INFO 11300 --- [localhost-startStop-1] o.s.web.context.ContextLoader            : Root WebApplicationContext: initialization completed in 2920 ms
2020-10-29 22:24:15.012  INFO 11300 --- [localhost-startStop-1] o.s.b.w.servlet.FilterRegistrationBean   : Mapping filter: 'characterEncodingFilter' to: [/*]
2020-10-29 22:24:15.013  INFO 11300 --- [localhost-startStop-1] o.s.b.w.servlet.FilterRegistrationBean   : Mapping filter: 'hiddenHttpMethodFilter' to: [/*]
2020-10-29 22:24:15.014  INFO 11300 --- [localhost-startStop-1] o.s.b.w.servlet.FilterRegistrationBean   : Mapping filter: 'httpPutFormContentFilter' to: [/*]
2020-10-29 22:24:15.014  INFO 11300 --- [localhost-startStop-1] o.s.b.w.servlet.FilterRegistrationBean   : Mapping filter: 'requestContextFilter' to: [/*]
2020-10-29 22:24:15.015  INFO 11300 --- [localhost-startStop-1] .s.DelegatingFilterProxyRegistrationBean : Mapping filter: 'springSecurityFilterChain' to: [/*]
2020-10-29 22:24:15.015  INFO 11300 --- [localhost-startStop-1] o.s.b.w.servlet.FilterRegistrationBean   : Mapping filter: 'httpTraceFilter' to: [/*]
2020-10-29 22:24:15.015  INFO 11300 --- [localhost-startStop-1] o.s.b.w.servlet.FilterRegistrationBean   : Mapping filter: 'webMvcMetricsFilter' to: [/*]
2020-10-29 22:24:15.015  INFO 11300 --- [localhost-startStop-1] o.s.b.w.servlet.FilterRegistrationBean   : Mapping filter: 'com.furkansahin.petclinic.web.TestFilter' to urls: [/TestServlet]
2020-10-29 22:24:15.015  INFO 11300 --- [localhost-startStop-1] o.s.b.w.servlet.ServletRegistrationBean  : Servlet dispatcherServlet mapped to [/]
2020-10-29 22:24:15.016  INFO 11300 --- [localhost-startStop-1] o.s.b.w.servlet.ServletRegistrationBean  : Servlet webServlet mapped to [/h2-console/*]
2020-10-29 22:24:15.017  INFO 11300 --- [localhost-startStop-1] o.s.b.w.servlet.ServletRegistrationBean  : Servlet com.furkansahin.petclinic.web.TestServlet mapped to [/TestServlet]
2020-10-29 22:24:15.038 DEBUG 11300 --- [restartedMain] o.s.w.c.s.StandardServletEnvironment     : Replacing PropertySource 'servletContextInitParams' with 'servletContextInitParams'
2020-10-29 22:24:15.113 DEBUG 11300 --- [restartedMain] o.s.jdbc.datasource.DataSourceUtils      : Fetching JDBC Connection from DataSource
2020-10-29 22:24:15.114  INFO 11300 --- [restartedMain] com.zaxxer.hikari.HikariDataSource       : HikariPool-1 - Starting...
2020-10-29 22:24:15.221  INFO 11300 --- [restartedMain] com.zaxxer.hikari.HikariDataSource       : HikariPool-1 - Start completed.
2020-10-29 22:24:15.232 DEBUG 11300 --- [restartedMain] o.s.jdbc.datasource.DataSourceUtils      : Returning JDBC Connection to DataSource
2020-10-29 22:24:15.237 DEBUG 11300 --- [restartedMain] o.s.jdbc.datasource.DataSourceUtils      : Fetching JDBC Connection from DataSource
2020-10-29 22:24:15.239  INFO 11300 --- [restartedMain] o.s.jdbc.datasource.init.ScriptUtils     : Executing SQL script from URL [file:/D:/workspace-spring-tool-suite-4-4.7.0.RELEASE/petclinic/target/classes/schema.sql]
2020-10-29 22:24:15.248 DEBUG 11300 --- [restartedMain] o.s.jdbc.datasource.init.ScriptUtils     : 0 returned as update count for SQL: create table users( username varchar(128) not null primary key, password varchar(512) not null, enabled boolean not null )
2020-10-29 22:24:15.248 DEBUG 11300 --- [restartedMain] o.s.jdbc.datasource.init.ScriptUtils     : 0 returned as update count for SQL: create table authorities( username varchar(128) not null, authority varchar(128) not null )
2020-10-29 22:24:15.250 DEBUG 11300 --- [restartedMain] o.s.jdbc.datasource.init.ScriptUtils     : 0 returned as update count for SQL: create unique index idx_auth_username on authorities(username, authority)
2020-10-29 22:24:15.251 DEBUG 11300 --- [restartedMain] o.s.jdbc.datasource.init.ScriptUtils     : 0 returned as update count for SQL: create table public.t_owner( id bigint not null, first_name varchar(255) not null, last_name varchar(255) not null )
2020-10-29 22:24:15.251 DEBUG 11300 --- [restartedMain] o.s.jdbc.datasource.init.ScriptUtils     : 0 returned as update count for SQL: create table public.t_pet( id bigint not null, name varchar(255), birth_date date, owner_id bigint )
2020-10-29 22:24:15.253 DEBUG 11300 --- [restartedMain] o.s.jdbc.datasource.init.ScriptUtils     : 0 returned as update count for SQL: create table public.t_vet( id bigint not null, first_name varchar(255) not null, last_name varchar(255) not null )
2020-10-29 22:24:15.253 DEBUG 11300 --- [restartedMain] o.s.jdbc.datasource.init.ScriptUtils     : 0 returned as update count for SQL: alter table public.t_vet add constraint public.constraint_11 primary key(id)
2020-10-29 22:24:15.254 DEBUG 11300 --- [restartedMain] o.s.jdbc.datasource.init.ScriptUtils     : 0 returned as update count for SQL: alter table public.t_owner add constraint public.constraint_1 primary key(id)
2020-10-29 22:24:15.254 DEBUG 11300 --- [restartedMain] o.s.jdbc.datasource.init.ScriptUtils     : 0 returned as update count for SQL: alter table public.t_pet add constraint public.constraint_2 primary key(id)
2020-10-29 22:24:15.274 DEBUG 11300 --- [restartedMain] o.s.jdbc.datasource.init.ScriptUtils     : 0 returned as update count for SQL: alter table public.t_pet add constraint public.constraint_3 foreign key(owner_id) references public.t_owner(id)
2020-10-29 22:24:15.275 DEBUG 11300 --- [restartedMain] o.s.jdbc.datasource.init.ScriptUtils     : 0 returned as update count for SQL: create sequence public.petclinic_sequence start with 100
2020-10-29 22:24:15.275  INFO 11300 --- [restartedMain] o.s.jdbc.datasource.init.ScriptUtils     : Executed SQL script from URL [file:/D:/workspace-spring-tool-suite-4-4.7.0.RELEASE/petclinic/target/classes/schema.sql] in 36 ms.
2020-10-29 22:24:15.275 DEBUG 11300 --- [restartedMain] o.s.jdbc.datasource.DataSourceUtils      : Returning JDBC Connection to DataSource
2020-10-29 22:24:15.280 DEBUG 11300 --- [restartedMain] o.s.jdbc.datasource.DataSourceUtils      : Fetching JDBC Connection from DataSource
2020-10-29 22:24:15.281 DEBUG 11300 --- [restartedMain] o.s.jdbc.datasource.DataSourceUtils      : Returning JDBC Connection to DataSource
2020-10-29 22:24:15.281 DEBUG 11300 --- [restartedMain] o.s.jdbc.datasource.DataSourceUtils      : Fetching JDBC Connection from DataSource
2020-10-29 22:24:15.281  INFO 11300 --- [restartedMain] o.s.jdbc.datasource.init.ScriptUtils     : Executing SQL script from URL [file:/D:/workspace-spring-tool-suite-4-4.7.0.RELEASE/petclinic/target/classes/data.sql]
2020-10-29 22:24:15.285 DEBUG 11300 --- [restartedMain] o.s.jdbc.datasource.init.ScriptUtils     : 1 returned as update count for SQL: insert into users values('Furkan', '{bcrypt}$2a$10$3a15nzsmwg.Qf3y3bBzSeehCHKO1TsGfF2m4c59ZPVDwhUzeg4UyC', true)
2020-10-29 22:24:15.286 DEBUG 11300 --- [restartedMain] o.s.jdbc.datasource.init.ScriptUtils     : 1 returned as update count for SQL: insert into users values('Semih', '{bcrypt}$2a$10$Zhnt6Q//JbkXekVcMIkX8uGmLU5c5ul9svcBDZHRm8hov6UhO9ium', true)
2020-10-29 22:24:15.286 DEBUG 11300 --- [restartedMain] o.s.jdbc.datasource.init.ScriptUtils     : 1 returned as update count for SQL: insert into users values('Kubilay', '{bcrypt}$2a$10$maJxvoyjL2jXEnPdL7Cl.u9ptm1cypJUyAWjx9s4r8.GCJV/yMzD.', true)
2020-10-29 22:24:15.287 DEBUG 11300 --- [restartedMain] o.s.jdbc.datasource.init.ScriptUtils     : 1 returned as update count for SQL: insert into authorities values ('Furkan', 'ROLE_USER')
2020-10-29 22:24:15.287 DEBUG 11300 --- [restartedMain] o.s.jdbc.datasource.init.ScriptUtils     : 1 returned as update count for SQL: insert into authorities values ('Furkan', 'ROLE_EDITOR')
2020-10-29 22:24:15.288 DEBUG 11300 --- [restartedMain] o.s.jdbc.datasource.init.ScriptUtils     : 1 returned as update count for SQL: insert into authorities values ('Furkan', 'ROLE_ADMIN')
2020-10-29 22:24:15.289 DEBUG 11300 --- [restartedMain] o.s.jdbc.datasource.init.ScriptUtils     : 1 returned as update count for SQL: insert into authorities values ('Semih', 'ROLE_USER')
2020-10-29 22:24:15.289 DEBUG 11300 --- [restartedMain] o.s.jdbc.datasource.init.ScriptUtils     : 1 returned as update count for SQL: insert into authorities values ('Kubilay', 'ROLE_EDITOR')
2020-10-29 22:24:15.290 DEBUG 11300 --- [restartedMain] o.s.jdbc.datasource.init.ScriptUtils     : 1 returned as update count for SQL: insert into authorities values ('Kubilay', 'ROLE_USER')
2020-10-29 22:24:15.290 DEBUG 11300 --- [restartedMain] o.s.jdbc.datasource.init.ScriptUtils     : 1 returned as update count for SQL: INSERT INTO t_owner (id,first_name,last_name) VALUES (1, 'Ziya', 'Ferit')
2020-10-29 22:24:15.291 DEBUG 11300 --- [restartedMain] o.s.jdbc.datasource.init.ScriptUtils     : 1 returned as update count for SQL: INSERT INTO t_owner (id,first_name,last_name) VALUES (2, 'Beşir', 'Dal')
2020-10-29 22:24:15.291 DEBUG 11300 --- [restartedMain] o.s.jdbc.datasource.init.ScriptUtils     : 1 returned as update count for SQL: INSERT INTO t_owner (id,first_name,last_name) VALUES (3, 'Eda', 'Rize')
2020-10-29 22:24:15.291 DEBUG 11300 --- [restartedMain] o.s.jdbc.datasource.init.ScriptUtils     : 1 returned as update count for SQL: INSERT INTO t_owner (id,first_name,last_name) VALUES (4, 'Hadi', 'Duru')
2020-10-29 22:24:15.291 DEBUG 11300 --- [restartedMain] o.s.jdbc.datasource.init.ScriptUtils     : 1 returned as update count for SQL: INSERT INTO t_owner (id,first_name,last_name) VALUES (5, 'Pınar', 'Mus')
2020-10-29 22:24:15.292 DEBUG 11300 --- [restartedMain] o.s.jdbc.datasource.init.ScriptUtils     : 1 returned as update count for SQL: INSERT INTO t_owner (id,first_name,last_name) VALUES (6, 'Çiğdem', 'Su')
2020-10-29 22:24:15.292 DEBUG 11300 --- [restartedMain] o.s.jdbc.datasource.init.ScriptUtils     : 1 returned as update count for SQL: INSERT INTO t_owner (id,first_name,last_name) VALUES (7, 'Aslı', 'Zor')
2020-10-29 22:24:15.292 DEBUG 11300 --- [restartedMain] o.s.jdbc.datasource.init.ScriptUtils     : 1 returned as update count for SQL: INSERT INTO t_owner (id,first_name,last_name) VALUES (8, 'Murat', 'Eski')
2020-10-29 22:24:15.293 DEBUG 11300 --- [restartedMain] o.s.jdbc.datasource.init.ScriptUtils     : 1 returned as update count for SQL: INSERT INTO t_owner (id,first_name,last_name) VALUES (9, 'Davut', 'Saz')
2020-10-29 22:24:15.293 DEBUG 11300 --- [restartedMain] o.s.jdbc.datasource.init.ScriptUtils     : 1 returned as update count for SQL: INSERT INTO t_owner (id,first_name,last_name) VALUES (10, 'Kadir', 'Mutlu')
2020-10-29 22:24:15.295 DEBUG 11300 --- [restartedMain] o.s.jdbc.datasource.init.ScriptUtils     : 1 returned as update count for SQL: INSERT INTO t_pet (id,name,birth_date,owner_id) VALUES (1, 'Maviş', '2005-09-07', 1)
2020-10-29 22:24:15.295 DEBUG 11300 --- [restartedMain] o.s.jdbc.datasource.init.ScriptUtils     : 1 returned as update count for SQL: INSERT INTO t_pet (id,name,birth_date,owner_id) VALUES (2, 'Donetello', '2008-08-06', 1)
2020-10-29 22:24:15.296 DEBUG 11300 --- [restartedMain] o.s.jdbc.datasource.init.ScriptUtils     : 1 returned as update count for SQL: INSERT INTO t_pet (id,name,birth_date,owner_id) VALUES (3, 'Karabaş', '2001-04-17', 1)
2020-10-29 22:24:15.296 DEBUG 11300 --- [restartedMain] o.s.jdbc.datasource.init.ScriptUtils     : 1 returned as update count for SQL: INSERT INTO t_pet (id,name,birth_date,owner_id) VALUES (4, 'Joe', '2009-03-07', 2)
2020-10-29 22:24:15.297 DEBUG 11300 --- [restartedMain] o.s.jdbc.datasource.init.ScriptUtils     : 1 returned as update count for SQL: INSERT INTO t_pet (id,name,birth_date,owner_id) VALUES (5, 'Canavar', '2010-11-30', 2)
2020-10-29 22:24:15.298 DEBUG 11300 --- [restartedMain] o.s.jdbc.datasource.init.ScriptUtils     : 1 returned as update count for SQL: INSERT INTO t_pet (id,name,birth_date,owner_id) VALUES (6, 'Tatlım', '2010-01-20', 3)
2020-10-29 22:24:15.301 DEBUG 11300 --- [restartedMain] o.s.jdbc.datasource.init.ScriptUtils     : 1 returned as update count for SQL: INSERT INTO t_pet (id,name,birth_date,owner_id) VALUES (7, 'Samanta', '2008-09-04', 5)
2020-10-29 22:24:15.302 DEBUG 11300 --- [restartedMain] o.s.jdbc.datasource.init.ScriptUtils     : 1 returned as update count for SQL: INSERT INTO t_pet (id,name,birth_date,owner_id) VALUES (8, 'Boncuk', '2008-09-04', 5)
2020-10-29 22:24:15.302 DEBUG 11300 --- [restartedMain] o.s.jdbc.datasource.init.ScriptUtils     : 1 returned as update count for SQL: INSERT INTO t_pet (id,name,birth_date,owner_id) VALUES (9, 'Şanslı', '2007-08-06', 5)
2020-10-29 22:24:15.303 DEBUG 11300 --- [restartedMain] o.s.jdbc.datasource.init.ScriptUtils     : 1 returned as update count for SQL: INSERT INTO t_pet (id,name,birth_date,owner_id) VALUES (10, 'Karaburun', '2009-02-24', 6)
2020-10-29 22:24:15.303 DEBUG 11300 --- [restartedMain] o.s.jdbc.datasource.init.ScriptUtils     : 1 returned as update count for SQL: INSERT INTO t_pet (id,name,birth_date,owner_id) VALUES (11, 'Twetty', '2000-03-09', 7)
2020-10-29 22:24:15.304 DEBUG 11300 --- [restartedMain] o.s.jdbc.datasource.init.ScriptUtils     : 1 returned as update count for SQL: INSERT INTO t_pet (id,name,birth_date,owner_id) VALUES (12, 'Tarçın', '2000-06-24', 8)
2020-10-29 22:24:15.305 DEBUG 11300 --- [restartedMain] o.s.jdbc.datasource.init.ScriptUtils     : 1 returned as update count for SQL: INSERT INTO t_pet (id,name,birth_date,owner_id) VALUES (13, 'Sarı', '2002-06-08', 9)
2020-10-29 22:24:15.305 DEBUG 11300 --- [restartedMain] o.s.jdbc.datasource.init.ScriptUtils     : 1 returned as update count for SQL: INSERT INTO t_vet (id,first_name,last_name) VALUES (14, 'Ali', 'Güç')
2020-10-29 22:24:15.306 DEBUG 11300 --- [restartedMain] o.s.jdbc.datasource.init.ScriptUtils     : 1 returned as update count for SQL: INSERT INTO t_vet (id,first_name,last_name) VALUES (15, 'Bekir', 'Sağ')
2020-10-29 22:24:15.306 DEBUG 11300 --- [restartedMain] o.s.jdbc.datasource.init.ScriptUtils     : 1 returned as update count for SQL: INSERT INTO t_vet (id,first_name,last_name) VALUES (16, 'Esma', 'Kul')
2020-10-29 22:24:15.307  INFO 11300 --- [restartedMain] o.s.jdbc.datasource.init.ScriptUtils     : Executed SQL script from URL [file:/D:/workspace-spring-tool-suite-4-4.7.0.RELEASE/petclinic/target/classes/data.sql] in 25 ms.
2020-10-29 22:24:15.307 DEBUG 11300 --- [restartedMain] o.s.jdbc.datasource.DataSourceUtils      : Returning JDBC Connection to DataSource
2020-10-29 22:24:15.408 DEBUG 11300 --- [restartedMain] o.s.jdbc.datasource.DataSourceUtils      : Fetching JDBC Connection from DataSource
2020-10-29 22:24:15.409 DEBUG 11300 --- [restartedMain] o.s.jdbc.datasource.DataSourceUtils      : Returning JDBC Connection to DataSource
2020-10-29 22:24:15.425 DEBUG 11300 --- [restartedMain] o.s.jdbc.datasource.DataSourceUtils      : Fetching JDBC Connection from DataSource
2020-10-29 22:24:15.425 DEBUG 11300 --- [restartedMain] o.s.jdbc.datasource.DataSourceUtils      : Returning JDBC Connection to DataSource
2020-10-29 22:24:15.457  INFO 11300 --- [restartedMain] j.LocalContainerEntityManagerFactoryBean : Building JPA container EntityManagerFactory for persistence unit 'default'
2020-10-29 22:24:15.473  INFO 11300 --- [restartedMain] o.hibernate.jpa.internal.util.LogHelper  : HHH000204: Processing PersistenceUnitInfo [
	name: default
	...]
2020-10-29 22:24:15.561  INFO 11300 --- [restartedMain] org.hibernate.Version                    : HHH000412: Hibernate Core {5.2.14.Final}
2020-10-29 22:24:15.563  INFO 11300 --- [restartedMain] org.hibernate.cfg.Environment            : HHH000206: hibernate.properties not found
2020-10-29 22:24:15.603  INFO 11300 --- [restartedMain] o.hibernate.annotations.common.Version   : HCANN000001: Hibernate Commons Annotations {5.0.1.Final}
2020-10-29 22:24:15.740  INFO 11300 --- [restartedMain] org.hibernate.dialect.Dialect            : HHH000400: Using dialect: org.hibernate.dialect.H2Dialect
2020-10-29 22:24:16.089  WARN 11300 --- [restartedMain] ConfigServletWebServerApplicationContext : Exception encountered during context initialization - cancelling refresh attempt: org.springframework.beans.factory.BeanCreationException: Error creating bean with name 'entityManagerFactory' defined in class path resource [org/springframework/boot/autoconfigure/orm/jpa/HibernateJpaConfiguration.class]: Invocation of init method failed; nested exception is javax.persistence.PersistenceException: [PersistenceUnit: default] Unable to build Hibernate SessionFactory
2020-10-29 22:24:16.090  WARN 11300 --- [restartedMain] o.s.b.f.support.DisposableBeanAdapter    : Invocation of destroy method failed on bean with name 'inMemoryDatabaseShutdownExecutor': org.h2.jdbc.JdbcSQLException: Database is already closed (to disable automatic closing at VM shutdown, add ";DB_CLOSE_ON_EXIT=FALSE" to the db URL) [90121-196]
2020-10-29 22:24:16.091  INFO 11300 --- [restartedMain] com.zaxxer.hikari.HikariDataSource       : HikariPool-1 - Shutdown initiated...
2020-10-29 22:24:16.095  INFO 11300 --- [restartedMain] com.zaxxer.hikari.HikariDataSource       : HikariPool-1 - Shutdown completed.
2020-10-29 22:24:16.098  INFO 11300 --- [restartedMain] o.apache.catalina.core.StandardService   : Stopping service [Tomcat]
2020-10-29 22:24:16.118  INFO 11300 --- [restartedMain] ConditionEvaluationReportLoggingListener : 

Error starting ApplicationContext. To display the conditions report re-run your application with 'debug' enabled.
2020-10-29 22:24:16.130 ERROR 11300 --- [restartedMain] o.s.boot.SpringApplication               : Application run failed

org.springframework.beans.factory.BeanCreationException: Error creating bean with name 'entityManagerFactory' defined in class path resource [org/springframework/boot/autoconfigure/orm/jpa/HibernateJpaConfiguration.class]: Invocation of init method failed; nested exception is javax.persistence.PersistenceException: [PersistenceUnit: default] Unable to build Hibernate SessionFactory
	at org.springframework.beans.factory.support.AbstractAutowireCapableBeanFactory.initializeBean(AbstractAutowireCapableBeanFactory.java:1710) ~[spring-beans-5.0.4.RELEASE.jar:5.0.4.RELEASE]
	at org.springframework.beans.factory.support.AbstractAutowireCapableBeanFactory.doCreateBean(AbstractAutowireCapableBeanFactory.java:583) ~[spring-beans-5.0.4.RELEASE.jar:5.0.4.RELEASE]
	at org.springframework.beans.factory.support.AbstractAutowireCapableBeanFactory.createBean(AbstractAutowireCapableBeanFactory.java:502) ~[spring-beans-5.0.4.RELEASE.jar:5.0.4.RELEASE]
	at org.springframework.beans.factory.support.AbstractBeanFactory.lambda$doGetBean$0(AbstractBeanFactory.java:312) ~[spring-beans-5.0.4.RELEASE.jar:5.0.4.RELEASE]
	at org.springframework.beans.factory.support.DefaultSingletonBeanRegistry.getSingleton(DefaultSingletonBeanRegistry.java:228) ~[spring-beans-5.0.4.RELEASE.jar:5.0.4.RELEASE]
	at org.springframework.beans.factory.support.AbstractBeanFactory.doGetBean(AbstractBeanFactory.java:310) ~[spring-beans-5.0.4.RELEASE.jar:5.0.4.RELEASE]
	at org.springframework.beans.factory.support.AbstractBeanFactory.getBean(AbstractBeanFactory.java:200) ~[spring-beans-5.0.4.RELEASE.jar:5.0.4.RELEASE]
	at org.springframework.context.support.AbstractApplicationContext.getBean(AbstractApplicationContext.java:1085) ~[spring-context-5.0.4.RELEASE.jar:5.0.4.RELEASE]
	at org.springframework.context.support.AbstractApplicationContext.finishBeanFactoryInitialization(AbstractApplicationContext.java:858) ~[spring-context-5.0.4.RELEASE.jar:5.0.4.RELEASE]
	at org.springframework.context.support.AbstractApplicationContext.refresh(AbstractApplicationContext.java:549) ~[spring-context-5.0.4.RELEASE.jar:5.0.4.RELEASE]
	at org.springframework.boot.web.servlet.context.ServletWebServerApplicationContext.refresh(ServletWebServerApplicationContext.java:140) ~[spring-boot-2.0.0.RELEASE.jar:2.0.0.RELEASE]
	at org.springframework.boot.SpringApplication.refresh(SpringApplication.java:752) ~[spring-boot-2.0.0.RELEASE.jar:2.0.0.RELEASE]
	at org.springframework.boot.SpringApplication.refreshContext(SpringApplication.java:388) ~[spring-boot-2.0.0.RELEASE.jar:2.0.0.RELEASE]
	at org.springframework.boot.SpringApplication.run(SpringApplication.java:327) ~[spring-boot-2.0.0.RELEASE.jar:2.0.0.RELEASE]
	at org.springframework.boot.SpringApplication.run(SpringApplication.java:1246) ~[spring-boot-2.0.0.RELEASE.jar:2.0.0.RELEASE]
	at org.springframework.boot.SpringApplication.run(SpringApplication.java:1234) ~[spring-boot-2.0.0.RELEASE.jar:2.0.0.RELEASE]
	at com.furkansahin.petclinic.PetClinicApplication.main(PetClinicApplication.java:18) ~[classes/:na]
	at java.base/jdk.internal.reflect.NativeMethodAccessorImpl.invoke0(Native Method) ~[na:na]
	at java.base/jdk.internal.reflect.NativeMethodAccessorImpl.invoke(NativeMethodAccessorImpl.java:62) ~[na:na]
	at java.base/jdk.internal.reflect.DelegatingMethodAccessorImpl.invoke(DelegatingMethodAccessorImpl.java:43) ~[na:na]
	at java.base/java.lang.reflect.Method.invoke(Method.java:566) ~[na:na]
	at org.springframework.boot.devtools.restart.RestartLauncher.run(RestartLauncher.java:49) ~[spring-boot-devtools-2.0.0.RELEASE.jar:2.0.0.RELEASE]
Caused by: javax.persistence.PersistenceException: [PersistenceUnit: default] Unable to build Hibernate SessionFactory
	at org.hibernate.jpa.boot.internal.EntityManagerFactoryBuilderImpl.persistenceException(EntityManagerFactoryBuilderImpl.java:970) ~[hibernate-core-5.2.14.Final.jar:5.2.14.Final]
	at org.hibernate.jpa.boot.internal.EntityManagerFactoryBuilderImpl.build(EntityManagerFactoryBuilderImpl.java:895) ~[hibernate-core-5.2.14.Final.jar:5.2.14.Final]
	at org.springframework.orm.jpa.vendor.SpringHibernateJpaPersistenceProvider.createContainerEntityManagerFactory(SpringHibernateJpaPersistenceProvider.java:57) ~[spring-orm-5.0.4.RELEASE.jar:5.0.4.RELEASE]
	at org.springframework.orm.jpa.LocalContainerEntityManagerFactoryBean.createNativeEntityManagerFactory(LocalContainerEntityManagerFactoryBean.java:365) ~[spring-orm-5.0.4.RELEASE.jar:5.0.4.RELEASE]
	at org.springframework.orm.jpa.AbstractEntityManagerFactoryBean.buildNativeEntityManagerFactory(AbstractEntityManagerFactoryBean.java:388) ~[spring-orm-5.0.4.RELEASE.jar:5.0.4.RELEASE]
	at org.springframework.orm.jpa.AbstractEntityManagerFactoryBean.afterPropertiesSet(AbstractEntityManagerFactoryBean.java:377) ~[spring-orm-5.0.4.RELEASE.jar:5.0.4.RELEASE]
	at org.springframework.orm.jpa.LocalContainerEntityManagerFactoryBean.afterPropertiesSet(LocalContainerEntityManagerFactoryBean.java:341) ~[spring-orm-5.0.4.RELEASE.jar:5.0.4.RELEASE]
	at org.springframework.beans.factory.support.AbstractAutowireCapableBeanFactory.invokeInitMethods(AbstractAutowireCapableBeanFactory.java:1769) ~[spring-beans-5.0.4.RELEASE.jar:5.0.4.RELEASE]
	at org.springframework.beans.factory.support.AbstractAutowireCapableBeanFactory.initializeBean(AbstractAutowireCapableBeanFactory.java:1706) ~[spring-beans-5.0.4.RELEASE.jar:5.0.4.RELEASE]
	... 21 common frames omitted
Caused by: org.hibernate.MappingException: Could not get constructor for org.hibernate.persister.entity.SingleTableEntityPersister
	at org.hibernate.persister.internal.PersisterFactoryImpl.createEntityPersister(PersisterFactoryImpl.java:123) ~[hibernate-core-5.2.14.Final.jar:5.2.14.Final]
	at org.hibernate.persister.internal.PersisterFactoryImpl.createEntityPersister(PersisterFactoryImpl.java:77) ~[hibernate-core-5.2.14.Final.jar:5.2.14.Final]
	at org.hibernate.metamodel.internal.MetamodelImpl.initialize(MetamodelImpl.java:128) ~[hibernate-core-5.2.14.Final.jar:5.2.14.Final]
	at org.hibernate.internal.SessionFactoryImpl.<init>(SessionFactoryImpl.java:300) ~[hibernate-core-5.2.14.Final.jar:5.2.14.Final]
	at org.hibernate.boot.internal.SessionFactoryBuilderImpl.build(SessionFactoryBuilderImpl.java:460) ~[hibernate-core-5.2.14.Final.jar:5.2.14.Final]
	at org.hibernate.jpa.boot.internal.EntityManagerFactoryBuilderImpl.build(EntityManagerFactoryBuilderImpl.java:892) ~[hibernate-core-5.2.14.Final.jar:5.2.14.Final]
	... 28 common frames omitted
Caused by: org.hibernate.HibernateException: Unable to instantiate default tuplizer [org.hibernate.tuple.entity.PojoEntityTuplizer]
	at org.hibernate.tuple.entity.EntityTuplizerFactory.constructTuplizer(EntityTuplizerFactory.java:91) ~[hibernate-core-5.2.14.Final.jar:5.2.14.Final]
	at org.hibernate.tuple.entity.EntityTuplizerFactory.constructDefaultTuplizer(EntityTuplizerFactory.java:116) ~[hibernate-core-5.2.14.Final.jar:5.2.14.Final]
	at org.hibernate.tuple.entity.EntityMetamodel.<init>(EntityMetamodel.java:385) ~[hibernate-core-5.2.14.Final.jar:5.2.14.Final]
	at org.hibernate.persister.entity.AbstractEntityPersister.<init>(AbstractEntityPersister.java:519) ~[hibernate-core-5.2.14.Final.jar:5.2.14.Final]
	at org.hibernate.persister.entity.SingleTableEntityPersister.<init>(SingleTableEntityPersister.java:124) ~[hibernate-core-5.2.14.Final.jar:5.2.14.Final]
	at java.base/jdk.internal.reflect.NativeConstructorAccessorImpl.newInstance0(Native Method) ~[na:na]
	at java.base/jdk.internal.reflect.NativeConstructorAccessorImpl.newInstance(NativeConstructorAccessorImpl.java:62) ~[na:na]
	at java.base/jdk.internal.reflect.DelegatingConstructorAccessorImpl.newInstance(DelegatingConstructorAccessorImpl.java:45) ~[na:na]
	at java.base/java.lang.reflect.Constructor.newInstance(Constructor.java:490) ~[na:na]
	at org.hibernate.persister.internal.PersisterFactoryImpl.createEntityPersister(PersisterFactoryImpl.java:96) ~[hibernate-core-5.2.14.Final.jar:5.2.14.Final]
	... 33 common frames omitted
Caused by: java.lang.reflect.InvocationTargetException: null
	at java.base/jdk.internal.reflect.NativeConstructorAccessorImpl.newInstance0(Native Method) ~[na:na]
	at java.base/jdk.internal.reflect.NativeConstructorAccessorImpl.newInstance(NativeConstructorAccessorImpl.java:62) ~[na:na]
	at java.base/jdk.internal.reflect.DelegatingConstructorAccessorImpl.newInstance(DelegatingConstructorAccessorImpl.java:45) ~[na:na]
	at java.base/java.lang.reflect.Constructor.newInstance(Constructor.java:490) ~[na:na]
	at org.hibernate.tuple.entity.EntityTuplizerFactory.constructTuplizer(EntityTuplizerFactory.java:88) ~[hibernate-core-5.2.14.Final.jar:5.2.14.Final]
	... 42 common frames omitted
Caused by: java.lang.NullPointerException: null
	at javassist.util.proxy.SecurityActions.setAccessible(SecurityActions.java:103) ~[javassist-3.22.0-GA.jar:na]
	at javassist.util.proxy.DefineClassHelper.toClass3(DefineClassHelper.java:151) ~[javassist-3.22.0-GA.jar:na]
	at javassist.util.proxy.DefineClassHelper.toClass2(DefineClassHelper.java:134) ~[javassist-3.22.0-GA.jar:na]
	at javassist.util.proxy.DefineClassHelper.toClass(DefineClassHelper.java:95) ~[javassist-3.22.0-GA.jar:na]
	at javassist.util.proxy.FactoryHelper.toClass(FactoryHelper.java:131) ~[javassist-3.22.0-GA.jar:na]
	at javassist.util.proxy.ProxyFactory.createClass3(ProxyFactory.java:530) ~[javassist-3.22.0-GA.jar:na]
	at javassist.util.proxy.ProxyFactory.createClass2(ProxyFactory.java:515) ~[javassist-3.22.0-GA.jar:na]
	at javassist.util.proxy.ProxyFactory.createClass1(ProxyFactory.java:451) ~[javassist-3.22.0-GA.jar:na]
	at javassist.util.proxy.ProxyFactory.createClass(ProxyFactory.java:422) ~[javassist-3.22.0-GA.jar:na]
	at org.hibernate.proxy.pojo.javassist.JavassistProxyFactory.postInstantiate(JavassistProxyFactory.java:75) ~[hibernate-core-5.2.14.Final.jar:5.2.14.Final]
	at org.hibernate.tuple.entity.PojoEntityTuplizer.buildProxyFactory(PojoEntityTuplizer.java:162) ~[hibernate-core-5.2.14.Final.jar:5.2.14.Final]
	at org.hibernate.tuple.entity.AbstractEntityTuplizer.<init>(AbstractEntityTuplizer.java:156) ~[hibernate-core-5.2.14.Final.jar:5.2.14.Final]
	at org.hibernate.tuple.entity.PojoEntityTuplizer.<init>(PojoEntityTuplizer.java:58) ~[hibernate-core-5.2.14.Final.jar:5.2.14.Final]
	... 47 common frames omitted

2020-10-29 22:27:44.703 DEBUG 5716 --- [restartedMain] o.s.w.c.s.StandardServletEnvironment     : Adding PropertySource 'configurationProperties' with highest search precedence
2020-10-29 22:27:44.738 DEBUG 5716 --- [restartedMain] o.s.w.c.s.StandardServletEnvironment     : Adding PropertySource 'servletConfigInitParams' with lowest search precedence
2020-10-29 22:27:44.738 DEBUG 5716 --- [restartedMain] o.s.w.c.s.StandardServletEnvironment     : Adding PropertySource 'servletContextInitParams' with lowest search precedence
2020-10-29 22:27:44.738 DEBUG 5716 --- [restartedMain] o.s.w.c.s.StandardServletEnvironment     : Adding PropertySource 'systemProperties' with lowest search precedence
2020-10-29 22:27:44.739 DEBUG 5716 --- [restartedMain] o.s.w.c.s.StandardServletEnvironment     : Adding PropertySource 'systemEnvironment' with lowest search precedence
2020-10-29 22:27:44.739 DEBUG 5716 --- [restartedMain] o.s.w.c.s.StandardServletEnvironment     : Initialized StandardServletEnvironment with PropertySources [StubPropertySource {name='servletConfigInitParams'}, StubPropertySource {name='servletContextInitParams'}, MapPropertySource {name='systemProperties'}, SystemEnvironmentPropertySource {name='systemEnvironment'}]
2020-10-29 22:27:44.781  INFO 5716 --- [restartedMain] c.f.petclinic.PetClinicApplication       : Starting PetClinicApplication on DESKTOP-THNQRMJ with PID 5716 (D:\workspace-spring-tool-suite-4-4.7.0.RELEASE\petclinic\target\classes started by Furkan in D:\workspace-spring-tool-suite-4-4.7.0.RELEASE\petclinic)
2020-10-29 22:27:44.782  INFO 5716 --- [restartedMain] c.f.petclinic.PetClinicApplication       : No active profile set, falling back to default profiles: default
2020-10-29 22:27:44.854  INFO 5716 --- [restartedMain] ConfigServletWebServerApplicationContext : Refreshing org.springframework.boot.web.servlet.context.AnnotationConfigServletWebServerApplicationContext@534a9244: startup date [Thu Oct 29 22:27:44 EET 2020]; root of context hierarchy
2020-10-29 22:27:46.290  INFO 5716 --- [restartedMain] o.s.b.f.s.DefaultListableBeanFactory     : Overriding bean definition for bean 'httpRequestHandlerAdapter' with a different definition: replacing [Root bean: class [null]; scope=; abstract=false; lazyInit=false; autowireMode=3; dependencyCheck=0; autowireCandidate=true; primary=false; factoryBeanName=org.springframework.boot.autoconfigure.web.servlet.WebMvcAutoConfiguration$EnableWebMvcConfiguration; factoryMethodName=httpRequestHandlerAdapter; initMethodName=null; destroyMethodName=(inferred); defined in class path resource [org/springframework/boot/autoconfigure/web/servlet/WebMvcAutoConfiguration$EnableWebMvcConfiguration.class]] with [Root bean: class [null]; scope=; abstract=false; lazyInit=false; autowireMode=3; dependencyCheck=0; autowireCandidate=true; primary=false; factoryBeanName=org.springframework.data.rest.webmvc.config.RepositoryRestMvcConfiguration; factoryMethodName=httpRequestHandlerAdapter; initMethodName=null; destroyMethodName=(inferred); defined in class path resource [org/springframework/data/rest/webmvc/config/RepositoryRestMvcConfiguration.class]]
2020-10-29 22:27:46.670 DEBUG 5716 --- [restartedMain] o.s.w.c.s.StandardServletEnvironment     : Removing PropertySource 'defaultProperties'
2020-10-29 22:27:46.845  INFO 5716 --- [restartedMain] trationDelegate$BeanPostProcessorChecker : Bean 'org.springframework.transaction.annotation.ProxyTransactionManagementConfiguration' of type [org.springframework.transaction.annotation.ProxyTransactionManagementConfiguration$$EnhancerBySpringCGLIB$$f28d981] is not eligible for getting processed by all BeanPostProcessors (for example: not eligible for auto-proxying)
2020-10-29 22:27:46.879  INFO 5716 --- [restartedMain] trationDelegate$BeanPostProcessorChecker : Bean 'org.springframework.cache.annotation.ProxyCachingConfiguration' of type [org.springframework.cache.annotation.ProxyCachingConfiguration$$EnhancerBySpringCGLIB$$583b0f9f] is not eligible for getting processed by all BeanPostProcessors (for example: not eligible for auto-proxying)
2020-10-29 22:27:46.893  INFO 5716 --- [restartedMain] trationDelegate$BeanPostProcessorChecker : Bean 'org.springframework.boot.autoconfigure.cache.CacheAutoConfiguration' of type [org.springframework.boot.autoconfigure.cache.CacheAutoConfiguration$$EnhancerBySpringCGLIB$$4caed443] is not eligible for getting processed by all BeanPostProcessors (for example: not eligible for auto-proxying)
2020-10-29 22:27:46.914  INFO 5716 --- [restartedMain] trationDelegate$BeanPostProcessorChecker : Bean 'org.springframework.boot.context.properties.ConversionServiceDeducer$Factory' of type [org.springframework.boot.context.properties.ConversionServiceDeducer$Factory] is not eligible for getting processed by all BeanPostProcessors (for example: not eligible for auto-proxying)
2020-10-29 22:27:46.916  INFO 5716 --- [restartedMain] trationDelegate$BeanPostProcessorChecker : Bean 'spring.cache-org.springframework.boot.autoconfigure.cache.CacheProperties' of type [org.springframework.boot.autoconfigure.cache.CacheProperties] is not eligible for getting processed by all BeanPostProcessors (for example: not eligible for auto-proxying)
2020-10-29 22:27:46.929  INFO 5716 --- [restartedMain] trationDelegate$BeanPostProcessorChecker : Bean 'cacheManagerCustomizers' of type [org.springframework.boot.autoconfigure.cache.CacheManagerCustomizers] is not eligible for getting processed by all BeanPostProcessors (for example: not eligible for auto-proxying)
2020-10-29 22:27:46.933  INFO 5716 --- [restartedMain] trationDelegate$BeanPostProcessorChecker : Bean 'org.springframework.boot.autoconfigure.cache.SimpleCacheConfiguration' of type [org.springframework.boot.autoconfigure.cache.SimpleCacheConfiguration$$EnhancerBySpringCGLIB$$ee4a4724] is not eligible for getting processed by all BeanPostProcessors (for example: not eligible for auto-proxying)
2020-10-29 22:27:46.943  INFO 5716 --- [restartedMain] trationDelegate$BeanPostProcessorChecker : Bean 'cacheManager' of type [org.springframework.cache.concurrent.ConcurrentMapCacheManager] is not eligible for getting processed by all BeanPostProcessors (for example: not eligible for auto-proxying)
2020-10-29 22:27:46.944  INFO 5716 --- [restartedMain] trationDelegate$BeanPostProcessorChecker : Bean 'cacheAutoConfigurationValidator' of type [org.springframework.boot.autoconfigure.cache.CacheAutoConfiguration$CacheManagerValidator] is not eligible for getting processed by all BeanPostProcessors (for example: not eligible for auto-proxying)
2020-10-29 22:27:46.972  INFO 5716 --- [restartedMain] trationDelegate$BeanPostProcessorChecker : Bean 'org.springframework.security.config.annotation.method.configuration.Jsr250MetadataSourceConfiguration' of type [org.springframework.security.config.annotation.method.configuration.Jsr250MetadataSourceConfiguration$$EnhancerBySpringCGLIB$$f2005c83] is not eligible for getting processed by all BeanPostProcessors (for example: not eligible for auto-proxying)
2020-10-29 22:27:46.979  INFO 5716 --- [restartedMain] trationDelegate$BeanPostProcessorChecker : Bean 'jsr250MethodSecurityMetadataSource' of type [org.springframework.security.access.annotation.Jsr250MethodSecurityMetadataSource] is not eligible for getting processed by all BeanPostProcessors (for example: not eligible for auto-proxying)
2020-10-29 22:27:46.983  INFO 5716 --- [restartedMain] trationDelegate$BeanPostProcessorChecker : Bean 'org.springframework.security.config.annotation.configuration.ObjectPostProcessorConfiguration' of type [org.springframework.security.config.annotation.configuration.ObjectPostProcessorConfiguration$$EnhancerBySpringCGLIB$$a7d6a1bb] is not eligible for getting processed by all BeanPostProcessors (for example: not eligible for auto-proxying)
2020-10-29 22:27:46.991  INFO 5716 --- [restartedMain] trationDelegate$BeanPostProcessorChecker : Bean 'objectPostProcessor' of type [org.springframework.security.config.annotation.configuration.AutowireBeanFactoryObjectPostProcessor] is not eligible for getting processed by all BeanPostProcessors (for example: not eligible for auto-proxying)
2020-10-29 22:27:46.993  INFO 5716 --- [restartedMain] trationDelegate$BeanPostProcessorChecker : Bean 'org.springframework.security.access.expression.method.DefaultMethodSecurityExpressionHandler@2f231003' of type [org.springframework.security.access.expression.method.DefaultMethodSecurityExpressionHandler] is not eligible for getting processed by all BeanPostProcessors (for example: not eligible for auto-proxying)
2020-10-29 22:27:46.998  INFO 5716 --- [restartedMain] trationDelegate$BeanPostProcessorChecker : Bean 'org.springframework.security.config.annotation.method.configuration.GlobalMethodSecurityConfiguration' of type [org.springframework.security.config.annotation.method.configuration.GlobalMethodSecurityConfiguration$$EnhancerBySpringCGLIB$$ccab446d] is not eligible for getting processed by all BeanPostProcessors (for example: not eligible for auto-proxying)
2020-10-29 22:27:47.011  INFO 5716 --- [restartedMain] trationDelegate$BeanPostProcessorChecker : Bean 'methodSecurityMetadataSource' of type [org.springframework.security.access.method.DelegatingMethodSecurityMetadataSource] is not eligible for getting processed by all BeanPostProcessors (for example: not eligible for auto-proxying)
2020-10-29 22:27:47.378  INFO 5716 --- [restartedMain] o.s.b.w.embedded.tomcat.TomcatWebServer  : Tomcat initialized with port(s): 8080 (http)
2020-10-29 22:27:47.400  INFO 5716 --- [restartedMain] o.apache.catalina.core.StandardService   : Starting service [Tomcat]
2020-10-29 22:27:47.400  INFO 5716 --- [restartedMain] org.apache.catalina.core.StandardEngine  : Starting Servlet Engine: Apache Tomcat/8.5.28
2020-10-29 22:27:47.406  INFO 5716 --- [localhost-startStop-1] o.a.catalina.core.AprLifecycleListener   : The APR based Apache Tomcat Native library which allows optimal performance in production environments was not found on the java.library.path: [C:\Program Files\JetBrains\IntelliJ IDEA 2019.3.3\jbr\bin;C:\Windows\Sun\Java\bin;C:\Windows\system32;C:\Windows;C:\Program Files\Common Files\Oracle\Java\javapath;C:\Program Files (x86)\Common Files\Oracle\Java\javapath;C:\Windows\system32;C:\Windows;C:\Windows\System32\Wbem;C:\Windows\System32\WindowsPowerShell\v1.0\;C:\Windows\System32\OpenSSH\;C:\Program Files\NVIDIA Corporation\NVIDIA NvDLISR;C:\Program Files\Prio;C:\Users\Furkan\AppData\Roaming\nvm;C:\Program Files\nodejs;C:\Program Files\nodejs\;C:\Program Files (x86)\Yarn\bin\;C:\Program Files\Git\cmd;C:\Program Files\Polyspace\R2020b\runtime\win64;C:\Program Files\Polyspace\R2020b\bin;C:\Program Files\MySQL\MySQL Shell 8.0\bin\;C:\Users\Furkan\AppData\Local\Microsoft\WindowsApps;C:\Users\Furkan\AppData\Local\GitHubDesktop\bin;C:\Users\Furkan\AppData\Local\Programs\Microsoft VS Code\bin;C:\Users\Furkan\AppData\Roaming\nvm;C:\Program Files\nodejs;C:\Users\Furkan\AppData\Roaming\npm;C:\Users\Furkan\AppData\Local\Yarn\bin;.]
2020-10-29 22:27:47.656  INFO 5716 --- [localhost-startStop-1] org.apache.jasper.servlet.TldScanner     : At least one JAR was scanned for TLDs yet contained no TLDs. Enable debug logging for this logger for a complete list of JARs that were scanned but no TLDs were found in them. Skipping unneeded JARs during scanning can improve startup time and JSP compilation time.
2020-10-29 22:27:47.665  INFO 5716 --- [localhost-startStop-1] o.a.c.c.C.[Tomcat].[localhost].[/]       : Initializing Spring embedded WebApplicationContext
2020-10-29 22:27:47.665 DEBUG 5716 --- [localhost-startStop-1] o.s.web.context.ContextLoader            : Published root WebApplicationContext as ServletContext attribute with name [org.springframework.web.context.WebApplicationContext.ROOT]
2020-10-29 22:27:47.665  INFO 5716 --- [localhost-startStop-1] o.s.web.context.ContextLoader            : Root WebApplicationContext: initialization completed in 2811 ms
2020-10-29 22:27:48.302  INFO 5716 --- [localhost-startStop-1] o.s.b.w.servlet.FilterRegistrationBean   : Mapping filter: 'characterEncodingFilter' to: [/*]
2020-10-29 22:27:48.302  INFO 5716 --- [localhost-startStop-1] o.s.b.w.servlet.FilterRegistrationBean   : Mapping filter: 'hiddenHttpMethodFilter' to: [/*]
2020-10-29 22:27:48.303  INFO 5716 --- [localhost-startStop-1] o.s.b.w.servlet.FilterRegistrationBean   : Mapping filter: 'httpPutFormContentFilter' to: [/*]
2020-10-29 22:27:48.303  INFO 5716 --- [localhost-startStop-1] o.s.b.w.servlet.FilterRegistrationBean   : Mapping filter: 'requestContextFilter' to: [/*]
2020-10-29 22:27:48.303  INFO 5716 --- [localhost-startStop-1] .s.DelegatingFilterProxyRegistrationBean : Mapping filter: 'springSecurityFilterChain' to: [/*]
2020-10-29 22:27:48.303  INFO 5716 --- [localhost-startStop-1] o.s.b.w.servlet.FilterRegistrationBean   : Mapping filter: 'httpTraceFilter' to: [/*]
2020-10-29 22:27:48.303  INFO 5716 --- [localhost-startStop-1] o.s.b.w.servlet.FilterRegistrationBean   : Mapping filter: 'webMvcMetricsFilter' to: [/*]
2020-10-29 22:27:48.304  INFO 5716 --- [localhost-startStop-1] o.s.b.w.servlet.FilterRegistrationBean   : Mapping filter: 'com.furkansahin.petclinic.web.TestFilter' to urls: [/TestServlet]
2020-10-29 22:27:48.304  INFO 5716 --- [localhost-startStop-1] o.s.b.w.servlet.ServletRegistrationBean  : Servlet dispatcherServlet mapped to [/]
2020-10-29 22:27:48.305  INFO 5716 --- [localhost-startStop-1] o.s.b.w.servlet.ServletRegistrationBean  : Servlet webServlet mapped to [/h2-console/*]
2020-10-29 22:27:48.306  INFO 5716 --- [localhost-startStop-1] o.s.b.w.servlet.ServletRegistrationBean  : Servlet com.furkansahin.petclinic.web.TestServlet mapped to [/TestServlet]
2020-10-29 22:27:48.328 DEBUG 5716 --- [restartedMain] o.s.w.c.s.StandardServletEnvironment     : Replacing PropertySource 'servletContextInitParams' with 'servletContextInitParams'
2020-10-29 22:27:48.405 DEBUG 5716 --- [restartedMain] o.s.jdbc.datasource.DataSourceUtils      : Fetching JDBC Connection from DataSource
2020-10-29 22:27:48.406  INFO 5716 --- [restartedMain] com.zaxxer.hikari.HikariDataSource       : HikariPool-1 - Starting...
2020-10-29 22:27:48.527  INFO 5716 --- [restartedMain] com.zaxxer.hikari.HikariDataSource       : HikariPool-1 - Start completed.
2020-10-29 22:27:48.539 DEBUG 5716 --- [restartedMain] o.s.jdbc.datasource.DataSourceUtils      : Returning JDBC Connection to DataSource
2020-10-29 22:27:48.545 DEBUG 5716 --- [restartedMain] o.s.jdbc.datasource.DataSourceUtils      : Fetching JDBC Connection from DataSource
2020-10-29 22:27:48.546  INFO 5716 --- [restartedMain] o.s.jdbc.datasource.init.ScriptUtils     : Executing SQL script from URL [file:/D:/workspace-spring-tool-suite-4-4.7.0.RELEASE/petclinic/target/classes/schema.sql]
2020-10-29 22:27:48.604 DEBUG 5716 --- [restartedMain] o.s.jdbc.datasource.init.ScriptUtils     : 0 returned as update count for SQL: create table users( username varchar(128) not null primary key, password varchar(512) not null, enabled boolean not null )
2020-10-29 22:27:48.605 DEBUG 5716 --- [restartedMain] o.s.jdbc.datasource.init.ScriptUtils     : 0 returned as update count for SQL: create table authorities( username varchar(128) not null, authority varchar(128) not null )
2020-10-29 22:27:48.606 DEBUG 5716 --- [restartedMain] o.s.jdbc.datasource.init.ScriptUtils     : 0 returned as update count for SQL: create unique index idx_auth_username on authorities(username, authority)
2020-10-29 22:27:48.607 DEBUG 5716 --- [restartedMain] o.s.jdbc.datasource.init.ScriptUtils     : 0 returned as update count for SQL: create table public.t_owner( id bigint not null, first_name varchar(255) not null, last_name varchar(255) not null )
2020-10-29 22:27:48.607 DEBUG 5716 --- [restartedMain] o.s.jdbc.datasource.init.ScriptUtils     : 0 returned as update count for SQL: create table public.t_pet( id bigint not null, name varchar(255), birth_date date, owner_id bigint )
2020-10-29 22:27:48.608 DEBUG 5716 --- [restartedMain] o.s.jdbc.datasource.init.ScriptUtils     : 0 returned as update count for SQL: create table public.t_vet( id bigint not null, first_name varchar(255) not null, last_name varchar(255) not null )
2020-10-29 22:27:48.609 DEBUG 5716 --- [restartedMain] o.s.jdbc.datasource.init.ScriptUtils     : 0 returned as update count for SQL: alter table public.t_vet add constraint public.constraint_11 primary key(id)
2020-10-29 22:27:48.609 DEBUG 5716 --- [restartedMain] o.s.jdbc.datasource.init.ScriptUtils     : 0 returned as update count for SQL: alter table public.t_owner add constraint public.constraint_1 primary key(id)
2020-10-29 22:27:48.610 DEBUG 5716 --- [restartedMain] o.s.jdbc.datasource.init.ScriptUtils     : 0 returned as update count for SQL: alter table public.t_pet add constraint public.constraint_2 primary key(id)
2020-10-29 22:27:48.626 DEBUG 5716 --- [restartedMain] o.s.jdbc.datasource.init.ScriptUtils     : 0 returned as update count for SQL: alter table public.t_pet add constraint public.constraint_3 foreign key(owner_id) references public.t_owner(id)
2020-10-29 22:27:48.628 DEBUG 5716 --- [restartedMain] o.s.jdbc.datasource.init.ScriptUtils     : 0 returned as update count for SQL: create sequence public.petclinic_sequence start with 100
2020-10-29 22:27:48.628  INFO 5716 --- [restartedMain] o.s.jdbc.datasource.init.ScriptUtils     : Executed SQL script from URL [file:/D:/workspace-spring-tool-suite-4-4.7.0.RELEASE/petclinic/target/classes/schema.sql] in 82 ms.
2020-10-29 22:27:48.628 DEBUG 5716 --- [restartedMain] o.s.jdbc.datasource.DataSourceUtils      : Returning JDBC Connection to DataSource
2020-10-29 22:27:48.636 DEBUG 5716 --- [restartedMain] o.s.jdbc.datasource.DataSourceUtils      : Fetching JDBC Connection from DataSource
2020-10-29 22:27:48.637 DEBUG 5716 --- [restartedMain] o.s.jdbc.datasource.DataSourceUtils      : Returning JDBC Connection to DataSource
2020-10-29 22:27:48.637 DEBUG 5716 --- [restartedMain] o.s.jdbc.datasource.DataSourceUtils      : Fetching JDBC Connection from DataSource
2020-10-29 22:27:48.637  INFO 5716 --- [restartedMain] o.s.jdbc.datasource.init.ScriptUtils     : Executing SQL script from URL [file:/D:/workspace-spring-tool-suite-4-4.7.0.RELEASE/petclinic/target/classes/data.sql]
2020-10-29 22:27:48.647 DEBUG 5716 --- [restartedMain] o.s.jdbc.datasource.init.ScriptUtils     : 1 returned as update count for SQL: insert into users values('Furkan', '{bcrypt}$2a$10$3a15nzsmwg.Qf3y3bBzSeehCHKO1TsGfF2m4c59ZPVDwhUzeg4UyC', true)
2020-10-29 22:27:48.648 DEBUG 5716 --- [restartedMain] o.s.jdbc.datasource.init.ScriptUtils     : 1 returned as update count for SQL: insert into users values('Semih', '{bcrypt}$2a$10$Zhnt6Q//JbkXekVcMIkX8uGmLU5c5ul9svcBDZHRm8hov6UhO9ium', true)
2020-10-29 22:27:48.648 DEBUG 5716 --- [restartedMain] o.s.jdbc.datasource.init.ScriptUtils     : 1 returned as update count for SQL: insert into users values('Kubilay', '{bcrypt}$2a$10$maJxvoyjL2jXEnPdL7Cl.u9ptm1cypJUyAWjx9s4r8.GCJV/yMzD.', true)
2020-10-29 22:27:48.648 DEBUG 5716 --- [restartedMain] o.s.jdbc.datasource.init.ScriptUtils     : 1 returned as update count for SQL: insert into authorities values ('Furkan', 'ROLE_USER')
2020-10-29 22:27:48.649 DEBUG 5716 --- [restartedMain] o.s.jdbc.datasource.init.ScriptUtils     : 1 returned as update count for SQL: insert into authorities values ('Furkan', 'ROLE_EDITOR')
2020-10-29 22:27:48.649 DEBUG 5716 --- [restartedMain] o.s.jdbc.datasource.init.ScriptUtils     : 1 returned as update count for SQL: insert into authorities values ('Furkan', 'ROLE_ADMIN')
2020-10-29 22:27:48.649 DEBUG 5716 --- [restartedMain] o.s.jdbc.datasource.init.ScriptUtils     : 1 returned as update count for SQL: insert into authorities values ('Semih', 'ROLE_USER')
2020-10-29 22:27:48.649 DEBUG 5716 --- [restartedMain] o.s.jdbc.datasource.init.ScriptUtils     : 1 returned as update count for SQL: insert into authorities values ('Kubilay', 'ROLE_EDITOR')
2020-10-29 22:27:48.650 DEBUG 5716 --- [restartedMain] o.s.jdbc.datasource.init.ScriptUtils     : 1 returned as update count for SQL: insert into authorities values ('Kubilay', 'ROLE_USER')
2020-10-29 22:27:48.650 DEBUG 5716 --- [restartedMain] o.s.jdbc.datasource.init.ScriptUtils     : 1 returned as update count for SQL: INSERT INTO t_owner (id,first_name,last_name) VALUES (1, 'Ziya', 'Ferit')
2020-10-29 22:27:48.651 DEBUG 5716 --- [restartedMain] o.s.jdbc.datasource.init.ScriptUtils     : 1 returned as update count for SQL: INSERT INTO t_owner (id,first_name,last_name) VALUES (2, 'Beşir', 'Dal')
2020-10-29 22:27:48.651 DEBUG 5716 --- [restartedMain] o.s.jdbc.datasource.init.ScriptUtils     : 1 returned as update count for SQL: INSERT INTO t_owner (id,first_name,last_name) VALUES (3, 'Eda', 'Rize')
2020-10-29 22:27:48.651 DEBUG 5716 --- [restartedMain] o.s.jdbc.datasource.init.ScriptUtils     : 1 returned as update count for SQL: INSERT INTO t_owner (id,first_name,last_name) VALUES (4, 'Hadi', 'Duru')
2020-10-29 22:27:48.652 DEBUG 5716 --- [restartedMain] o.s.jdbc.datasource.init.ScriptUtils     : 1 returned as update count for SQL: INSERT INTO t_owner (id,first_name,last_name) VALUES (5, 'Pınar', 'Mus')
2020-10-29 22:27:48.652 DEBUG 5716 --- [restartedMain] o.s.jdbc.datasource.init.ScriptUtils     : 1 returned as update count for SQL: INSERT INTO t_owner (id,first_name,last_name) VALUES (6, 'Çiğdem', 'Su')
2020-10-29 22:27:48.652 DEBUG 5716 --- [restartedMain] o.s.jdbc.datasource.init.ScriptUtils     : 1 returned as update count for SQL: INSERT INTO t_owner (id,first_name,last_name) VALUES (7, 'Aslı', 'Zor')
2020-10-29 22:27:48.653 DEBUG 5716 --- [restartedMain] o.s.jdbc.datasource.init.ScriptUtils     : 1 returned as update count for SQL: INSERT INTO t_owner (id,first_name,last_name) VALUES (8, 'Murat', 'Eski')
2020-10-29 22:27:48.653 DEBUG 5716 --- [restartedMain] o.s.jdbc.datasource.init.ScriptUtils     : 1 returned as update count for SQL: INSERT INTO t_owner (id,first_name,last_name) VALUES (9, 'Davut', 'Saz')
2020-10-29 22:27:48.653 DEBUG 5716 --- [restartedMain] o.s.jdbc.datasource.init.ScriptUtils     : 1 returned as update count for SQL: INSERT INTO t_owner (id,first_name,last_name) VALUES (10, 'Kadir', 'Mutlu')
2020-10-29 22:27:48.655 DEBUG 5716 --- [restartedMain] o.s.jdbc.datasource.init.ScriptUtils     : 1 returned as update count for SQL: INSERT INTO t_pet (id,name,birth_date,owner_id) VALUES (1, 'Maviş', '2005-09-07', 1)
2020-10-29 22:27:48.655 DEBUG 5716 --- [restartedMain] o.s.jdbc.datasource.init.ScriptUtils     : 1 returned as update count for SQL: INSERT INTO t_pet (id,name,birth_date,owner_id) VALUES (2, 'Donetello', '2008-08-06', 1)
2020-10-29 22:27:48.656 DEBUG 5716 --- [restartedMain] o.s.jdbc.datasource.init.ScriptUtils     : 1 returned as update count for SQL: INSERT INTO t_pet (id,name,birth_date,owner_id) VALUES (3, 'Karabaş', '2001-04-17', 1)
2020-10-29 22:27:48.656 DEBUG 5716 --- [restartedMain] o.s.jdbc.datasource.init.ScriptUtils     : 1 returned as update count for SQL: INSERT INTO t_pet (id,name,birth_date,owner_id) VALUES (4, 'Joe', '2009-03-07', 2)
2020-10-29 22:27:48.656 DEBUG 5716 --- [restartedMain] o.s.jdbc.datasource.init.ScriptUtils     : 1 returned as update count for SQL: INSERT INTO t_pet (id,name,birth_date,owner_id) VALUES (5, 'Canavar', '2010-11-30', 2)
2020-10-29 22:27:48.657 DEBUG 5716 --- [restartedMain] o.s.jdbc.datasource.init.ScriptUtils     : 1 returned as update count for SQL: INSERT INTO t_pet (id,name,birth_date,owner_id) VALUES (6, 'Tatlım', '2010-01-20', 3)
2020-10-29 22:27:48.657 DEBUG 5716 --- [restartedMain] o.s.jdbc.datasource.init.ScriptUtils     : 1 returned as update count for SQL: INSERT INTO t_pet (id,name,birth_date,owner_id) VALUES (7, 'Samanta', '2008-09-04', 5)
2020-10-29 22:27:48.657 DEBUG 5716 --- [restartedMain] o.s.jdbc.datasource.init.ScriptUtils     : 1 returned as update count for SQL: INSERT INTO t_pet (id,name,birth_date,owner_id) VALUES (8, 'Boncuk', '2008-09-04', 5)
2020-10-29 22:27:48.658 DEBUG 5716 --- [restartedMain] o.s.jdbc.datasource.init.ScriptUtils     : 1 returned as update count for SQL: INSERT INTO t_pet (id,name,birth_date,owner_id) VALUES (9, 'Şanslı', '2007-08-06', 5)
2020-10-29 22:27:48.658 DEBUG 5716 --- [restartedMain] o.s.jdbc.datasource.init.ScriptUtils     : 1 returned as update count for SQL: INSERT INTO t_pet (id,name,birth_date,owner_id) VALUES (10, 'Karaburun', '2009-02-24', 6)
2020-10-29 22:27:48.658 DEBUG 5716 --- [restartedMain] o.s.jdbc.datasource.init.ScriptUtils     : 1 returned as update count for SQL: INSERT INTO t_pet (id,name,birth_date,owner_id) VALUES (11, 'Twetty', '2000-03-09', 7)
2020-10-29 22:27:48.659 DEBUG 5716 --- [restartedMain] o.s.jdbc.datasource.init.ScriptUtils     : 1 returned as update count for SQL: INSERT INTO t_pet (id,name,birth_date,owner_id) VALUES (12, 'Tarçın', '2000-06-24', 8)
2020-10-29 22:27:48.659 DEBUG 5716 --- [restartedMain] o.s.jdbc.datasource.init.ScriptUtils     : 1 returned as update count for SQL: INSERT INTO t_pet (id,name,birth_date,owner_id) VALUES (13, 'Sarı', '2002-06-08', 9)
2020-10-29 22:27:48.660 DEBUG 5716 --- [restartedMain] o.s.jdbc.datasource.init.ScriptUtils     : 1 returned as update count for SQL: INSERT INTO t_vet (id,first_name,last_name) VALUES (14, 'Ali', 'Güç')
2020-10-29 22:27:48.660 DEBUG 5716 --- [restartedMain] o.s.jdbc.datasource.init.ScriptUtils     : 1 returned as update count for SQL: INSERT INTO t_vet (id,first_name,last_name) VALUES (15, 'Bekir', 'Sağ')
2020-10-29 22:27:48.660 DEBUG 5716 --- [restartedMain] o.s.jdbc.datasource.init.ScriptUtils     : 1 returned as update count for SQL: INSERT INTO t_vet (id,first_name,last_name) VALUES (16, 'Esma', 'Kul')
2020-10-29 22:27:48.660  INFO 5716 --- [restartedMain] o.s.jdbc.datasource.init.ScriptUtils     : Executed SQL script from URL [file:/D:/workspace-spring-tool-suite-4-4.7.0.RELEASE/petclinic/target/classes/data.sql] in 23 ms.
2020-10-29 22:27:48.661 DEBUG 5716 --- [restartedMain] o.s.jdbc.datasource.DataSourceUtils      : Returning JDBC Connection to DataSource
2020-10-29 22:27:48.753 DEBUG 5716 --- [restartedMain] o.s.jdbc.datasource.DataSourceUtils      : Fetching JDBC Connection from DataSource
2020-10-29 22:27:48.754 DEBUG 5716 --- [restartedMain] o.s.jdbc.datasource.DataSourceUtils      : Returning JDBC Connection to DataSource
2020-10-29 22:27:48.765 DEBUG 5716 --- [restartedMain] o.s.jdbc.datasource.DataSourceUtils      : Fetching JDBC Connection from DataSource
2020-10-29 22:27:48.766 DEBUG 5716 --- [restartedMain] o.s.jdbc.datasource.DataSourceUtils      : Returning JDBC Connection to DataSource
2020-10-29 22:27:48.792  INFO 5716 --- [restartedMain] j.LocalContainerEntityManagerFactoryBean : Building JPA container EntityManagerFactory for persistence unit 'default'
2020-10-29 22:27:48.808  INFO 5716 --- [restartedMain] o.hibernate.jpa.internal.util.LogHelper  : HHH000204: Processing PersistenceUnitInfo [
	name: default
	...]
2020-10-29 22:27:48.897  INFO 5716 --- [restartedMain] org.hibernate.Version                    : HHH000412: Hibernate Core {5.2.14.Final}
2020-10-29 22:27:48.898  INFO 5716 --- [restartedMain] org.hibernate.cfg.Environment            : HHH000206: hibernate.properties not found
2020-10-29 22:27:48.937  INFO 5716 --- [restartedMain] o.hibernate.annotations.common.Version   : HCANN000001: Hibernate Commons Annotations {5.0.1.Final}
2020-10-29 22:27:49.077  INFO 5716 --- [restartedMain] org.hibernate.dialect.Dialect            : HHH000400: Using dialect: org.hibernate.dialect.H2Dialect
2020-10-29 22:27:49.425  WARN 5716 --- [restartedMain] ConfigServletWebServerApplicationContext : Exception encountered during context initialization - cancelling refresh attempt: org.springframework.beans.factory.BeanCreationException: Error creating bean with name 'entityManagerFactory' defined in class path resource [org/springframework/boot/autoconfigure/orm/jpa/HibernateJpaConfiguration.class]: Invocation of init method failed; nested exception is javax.persistence.PersistenceException: [PersistenceUnit: default] Unable to build Hibernate SessionFactory
2020-10-29 22:27:49.426  WARN 5716 --- [restartedMain] o.s.b.f.support.DisposableBeanAdapter    : Invocation of destroy method failed on bean with name 'inMemoryDatabaseShutdownExecutor': org.h2.jdbc.JdbcSQLException: Database is already closed (to disable automatic closing at VM shutdown, add ";DB_CLOSE_ON_EXIT=FALSE" to the db URL) [90121-196]
2020-10-29 22:27:49.427  INFO 5716 --- [restartedMain] com.zaxxer.hikari.HikariDataSource       : HikariPool-1 - Shutdown initiated...
2020-10-29 22:27:49.431  INFO 5716 --- [restartedMain] com.zaxxer.hikari.HikariDataSource       : HikariPool-1 - Shutdown completed.
2020-10-29 22:27:49.433  INFO 5716 --- [restartedMain] o.apache.catalina.core.StandardService   : Stopping service [Tomcat]
2020-10-29 22:27:49.454  INFO 5716 --- [restartedMain] ConditionEvaluationReportLoggingListener : 

Error starting ApplicationContext. To display the conditions report re-run your application with 'debug' enabled.
2020-10-29 22:27:49.466 ERROR 5716 --- [restartedMain] o.s.boot.SpringApplication               : Application run failed

org.springframework.beans.factory.BeanCreationException: Error creating bean with name 'entityManagerFactory' defined in class path resource [org/springframework/boot/autoconfigure/orm/jpa/HibernateJpaConfiguration.class]: Invocation of init method failed; nested exception is javax.persistence.PersistenceException: [PersistenceUnit: default] Unable to build Hibernate SessionFactory
	at org.springframework.beans.factory.support.AbstractAutowireCapableBeanFactory.initializeBean(AbstractAutowireCapableBeanFactory.java:1710) ~[spring-beans-5.0.4.RELEASE.jar:5.0.4.RELEASE]
	at org.springframework.beans.factory.support.AbstractAutowireCapableBeanFactory.doCreateBean(AbstractAutowireCapableBeanFactory.java:583) ~[spring-beans-5.0.4.RELEASE.jar:5.0.4.RELEASE]
	at org.springframework.beans.factory.support.AbstractAutowireCapableBeanFactory.createBean(AbstractAutowireCapableBeanFactory.java:502) ~[spring-beans-5.0.4.RELEASE.jar:5.0.4.RELEASE]
	at org.springframework.beans.factory.support.AbstractBeanFactory.lambda$doGetBean$0(AbstractBeanFactory.java:312) ~[spring-beans-5.0.4.RELEASE.jar:5.0.4.RELEASE]
	at org.springframework.beans.factory.support.DefaultSingletonBeanRegistry.getSingleton(DefaultSingletonBeanRegistry.java:228) ~[spring-beans-5.0.4.RELEASE.jar:5.0.4.RELEASE]
	at org.springframework.beans.factory.support.AbstractBeanFactory.doGetBean(AbstractBeanFactory.java:310) ~[spring-beans-5.0.4.RELEASE.jar:5.0.4.RELEASE]
	at org.springframework.beans.factory.support.AbstractBeanFactory.getBean(AbstractBeanFactory.java:200) ~[spring-beans-5.0.4.RELEASE.jar:5.0.4.RELEASE]
	at org.springframework.context.support.AbstractApplicationContext.getBean(AbstractApplicationContext.java:1085) ~[spring-context-5.0.4.RELEASE.jar:5.0.4.RELEASE]
	at org.springframework.context.support.AbstractApplicationContext.finishBeanFactoryInitialization(AbstractApplicationContext.java:858) ~[spring-context-5.0.4.RELEASE.jar:5.0.4.RELEASE]
	at org.springframework.context.support.AbstractApplicationContext.refresh(AbstractApplicationContext.java:549) ~[spring-context-5.0.4.RELEASE.jar:5.0.4.RELEASE]
	at org.springframework.boot.web.servlet.context.ServletWebServerApplicationContext.refresh(ServletWebServerApplicationContext.java:140) ~[spring-boot-2.0.0.RELEASE.jar:2.0.0.RELEASE]
	at org.springframework.boot.SpringApplication.refresh(SpringApplication.java:752) ~[spring-boot-2.0.0.RELEASE.jar:2.0.0.RELEASE]
	at org.springframework.boot.SpringApplication.refreshContext(SpringApplication.java:388) ~[spring-boot-2.0.0.RELEASE.jar:2.0.0.RELEASE]
	at org.springframework.boot.SpringApplication.run(SpringApplication.java:327) ~[spring-boot-2.0.0.RELEASE.jar:2.0.0.RELEASE]
	at org.springframework.boot.SpringApplication.run(SpringApplication.java:1246) ~[spring-boot-2.0.0.RELEASE.jar:2.0.0.RELEASE]
	at org.springframework.boot.SpringApplication.run(SpringApplication.java:1234) ~[spring-boot-2.0.0.RELEASE.jar:2.0.0.RELEASE]
	at com.furkansahin.petclinic.PetClinicApplication.main(PetClinicApplication.java:18) ~[classes/:na]
	at java.base/jdk.internal.reflect.NativeMethodAccessorImpl.invoke0(Native Method) ~[na:na]
	at java.base/jdk.internal.reflect.NativeMethodAccessorImpl.invoke(NativeMethodAccessorImpl.java:62) ~[na:na]
	at java.base/jdk.internal.reflect.DelegatingMethodAccessorImpl.invoke(DelegatingMethodAccessorImpl.java:43) ~[na:na]
	at java.base/java.lang.reflect.Method.invoke(Method.java:566) ~[na:na]
	at org.springframework.boot.devtools.restart.RestartLauncher.run(RestartLauncher.java:49) ~[spring-boot-devtools-2.0.0.RELEASE.jar:2.0.0.RELEASE]
Caused by: javax.persistence.PersistenceException: [PersistenceUnit: default] Unable to build Hibernate SessionFactory
	at org.hibernate.jpa.boot.internal.EntityManagerFactoryBuilderImpl.persistenceException(EntityManagerFactoryBuilderImpl.java:970) ~[hibernate-core-5.2.14.Final.jar:5.2.14.Final]
	at org.hibernate.jpa.boot.internal.EntityManagerFactoryBuilderImpl.build(EntityManagerFactoryBuilderImpl.java:895) ~[hibernate-core-5.2.14.Final.jar:5.2.14.Final]
	at org.springframework.orm.jpa.vendor.SpringHibernateJpaPersistenceProvider.createContainerEntityManagerFactory(SpringHibernateJpaPersistenceProvider.java:57) ~[spring-orm-5.0.4.RELEASE.jar:5.0.4.RELEASE]
	at org.springframework.orm.jpa.LocalContainerEntityManagerFactoryBean.createNativeEntityManagerFactory(LocalContainerEntityManagerFactoryBean.java:365) ~[spring-orm-5.0.4.RELEASE.jar:5.0.4.RELEASE]
	at org.springframework.orm.jpa.AbstractEntityManagerFactoryBean.buildNativeEntityManagerFactory(AbstractEntityManagerFactoryBean.java:388) ~[spring-orm-5.0.4.RELEASE.jar:5.0.4.RELEASE]
	at org.springframework.orm.jpa.AbstractEntityManagerFactoryBean.afterPropertiesSet(AbstractEntityManagerFactoryBean.java:377) ~[spring-orm-5.0.4.RELEASE.jar:5.0.4.RELEASE]
	at org.springframework.orm.jpa.LocalContainerEntityManagerFactoryBean.afterPropertiesSet(LocalContainerEntityManagerFactoryBean.java:341) ~[spring-orm-5.0.4.RELEASE.jar:5.0.4.RELEASE]
	at org.springframework.beans.factory.support.AbstractAutowireCapableBeanFactory.invokeInitMethods(AbstractAutowireCapableBeanFactory.java:1769) ~[spring-beans-5.0.4.RELEASE.jar:5.0.4.RELEASE]
	at org.springframework.beans.factory.support.AbstractAutowireCapableBeanFactory.initializeBean(AbstractAutowireCapableBeanFactory.java:1706) ~[spring-beans-5.0.4.RELEASE.jar:5.0.4.RELEASE]
	... 21 common frames omitted
Caused by: org.hibernate.MappingException: Could not get constructor for org.hibernate.persister.entity.SingleTableEntityPersister
	at org.hibernate.persister.internal.PersisterFactoryImpl.createEntityPersister(PersisterFactoryImpl.java:123) ~[hibernate-core-5.2.14.Final.jar:5.2.14.Final]
	at org.hibernate.persister.internal.PersisterFactoryImpl.createEntityPersister(PersisterFactoryImpl.java:77) ~[hibernate-core-5.2.14.Final.jar:5.2.14.Final]
	at org.hibernate.metamodel.internal.MetamodelImpl.initialize(MetamodelImpl.java:128) ~[hibernate-core-5.2.14.Final.jar:5.2.14.Final]
	at org.hibernate.internal.SessionFactoryImpl.<init>(SessionFactoryImpl.java:300) ~[hibernate-core-5.2.14.Final.jar:5.2.14.Final]
	at org.hibernate.boot.internal.SessionFactoryBuilderImpl.build(SessionFactoryBuilderImpl.java:460) ~[hibernate-core-5.2.14.Final.jar:5.2.14.Final]
	at org.hibernate.jpa.boot.internal.EntityManagerFactoryBuilderImpl.build(EntityManagerFactoryBuilderImpl.java:892) ~[hibernate-core-5.2.14.Final.jar:5.2.14.Final]
	... 28 common frames omitted
Caused by: org.hibernate.HibernateException: Unable to instantiate default tuplizer [org.hibernate.tuple.entity.PojoEntityTuplizer]
	at org.hibernate.tuple.entity.EntityTuplizerFactory.constructTuplizer(EntityTuplizerFactory.java:91) ~[hibernate-core-5.2.14.Final.jar:5.2.14.Final]
	at org.hibernate.tuple.entity.EntityTuplizerFactory.constructDefaultTuplizer(EntityTuplizerFactory.java:116) ~[hibernate-core-5.2.14.Final.jar:5.2.14.Final]
	at org.hibernate.tuple.entity.EntityMetamodel.<init>(EntityMetamodel.java:385) ~[hibernate-core-5.2.14.Final.jar:5.2.14.Final]
	at org.hibernate.persister.entity.AbstractEntityPersister.<init>(AbstractEntityPersister.java:519) ~[hibernate-core-5.2.14.Final.jar:5.2.14.Final]
	at org.hibernate.persister.entity.SingleTableEntityPersister.<init>(SingleTableEntityPersister.java:124) ~[hibernate-core-5.2.14.Final.jar:5.2.14.Final]
	at java.base/jdk.internal.reflect.NativeConstructorAccessorImpl.newInstance0(Native Method) ~[na:na]
	at java.base/jdk.internal.reflect.NativeConstructorAccessorImpl.newInstance(NativeConstructorAccessorImpl.java:62) ~[na:na]
	at java.base/jdk.internal.reflect.DelegatingConstructorAccessorImpl.newInstance(DelegatingConstructorAccessorImpl.java:45) ~[na:na]
	at java.base/java.lang.reflect.Constructor.newInstance(Constructor.java:490) ~[na:na]
	at org.hibernate.persister.internal.PersisterFactoryImpl.createEntityPersister(PersisterFactoryImpl.java:96) ~[hibernate-core-5.2.14.Final.jar:5.2.14.Final]
	... 33 common frames omitted
Caused by: java.lang.reflect.InvocationTargetException: null
	at java.base/jdk.internal.reflect.NativeConstructorAccessorImpl.newInstance0(Native Method) ~[na:na]
	at java.base/jdk.internal.reflect.NativeConstructorAccessorImpl.newInstance(NativeConstructorAccessorImpl.java:62) ~[na:na]
	at java.base/jdk.internal.reflect.DelegatingConstructorAccessorImpl.newInstance(DelegatingConstructorAccessorImpl.java:45) ~[na:na]
	at java.base/java.lang.reflect.Constructor.newInstance(Constructor.java:490) ~[na:na]
	at org.hibernate.tuple.entity.EntityTuplizerFactory.constructTuplizer(EntityTuplizerFactory.java:88) ~[hibernate-core-5.2.14.Final.jar:5.2.14.Final]
	... 42 common frames omitted
Caused by: java.lang.NullPointerException: null
	at javassist.util.proxy.SecurityActions.setAccessible(SecurityActions.java:103) ~[javassist-3.22.0-GA.jar:na]
	at javassist.util.proxy.DefineClassHelper.toClass3(DefineClassHelper.java:151) ~[javassist-3.22.0-GA.jar:na]
	at javassist.util.proxy.DefineClassHelper.toClass2(DefineClassHelper.java:134) ~[javassist-3.22.0-GA.jar:na]
	at javassist.util.proxy.DefineClassHelper.toClass(DefineClassHelper.java:95) ~[javassist-3.22.0-GA.jar:na]
	at javassist.util.proxy.FactoryHelper.toClass(FactoryHelper.java:131) ~[javassist-3.22.0-GA.jar:na]
	at javassist.util.proxy.ProxyFactory.createClass3(ProxyFactory.java:530) ~[javassist-3.22.0-GA.jar:na]
	at javassist.util.proxy.ProxyFactory.createClass2(ProxyFactory.java:515) ~[javassist-3.22.0-GA.jar:na]
	at javassist.util.proxy.ProxyFactory.createClass1(ProxyFactory.java:451) ~[javassist-3.22.0-GA.jar:na]
	at javassist.util.proxy.ProxyFactory.createClass(ProxyFactory.java:422) ~[javassist-3.22.0-GA.jar:na]
	at org.hibernate.proxy.pojo.javassist.JavassistProxyFactory.postInstantiate(JavassistProxyFactory.java:75) ~[hibernate-core-5.2.14.Final.jar:5.2.14.Final]
	at org.hibernate.tuple.entity.PojoEntityTuplizer.buildProxyFactory(PojoEntityTuplizer.java:162) ~[hibernate-core-5.2.14.Final.jar:5.2.14.Final]
	at org.hibernate.tuple.entity.AbstractEntityTuplizer.<init>(AbstractEntityTuplizer.java:156) ~[hibernate-core-5.2.14.Final.jar:5.2.14.Final]
	at org.hibernate.tuple.entity.PojoEntityTuplizer.<init>(PojoEntityTuplizer.java:58) ~[hibernate-core-5.2.14.Final.jar:5.2.14.Final]
	... 47 common frames omitted

